<?xml version="1.0" encoding="UTF-8"?>
<!-- Generated by org.testng.reporters.JUnitReportReporter -->
<testsuite skipped="0" hostname="DESKTOP-30GG35O" name="com.challenge.tests.ProfectusChallengeTests" tests="1" failures="0" timestamp="2021-01-18T21:42:14 AEDT" time="40.625" errors="0">
  <testcase name="verifyMessageIsSentToPerson" time="40.625" classname="com.challenge.tests.ProfectusChallengeTests"/>
  <system-out/>
</testsuite> <!-- com.challenge.tests.ProfectusChallengeTests -->
